<?xml version="1.0" encoding="UTF-8"?>
<!-- Generated by org.testng.reporters.JUnitReportReporter -->
<testsuite hostname="MSI" failures="0" tests="7" name="tmrs.tests.SubmitOrderAllDataProvidersTests" time="55.555" errors="0" timestamp="2024-11-06T14:19:06 CST" skipped="0">
  <testcase classname="tmrs.tests.SubmitOrderAllDataProvidersTests" name="submitOrder3" time="8.037"/>
  <testcase classname="tmrs.tests.SubmitOrderAllDataProvidersTests" name="submitOrder3" time="8.547"/>
  <testcase classname="tmrs.tests.SubmitOrderAllDataProvidersTests" name="orderHistoryTest" time="5.593"/>
  <testcase classname="tmrs.tests.SubmitOrderAllDataProvidersTests" name="submitOrder" time="8.463"/>
  <testcase classname="tmrs.tests.SubmitOrderAllDataProvidersTests" name="submitOrder2" time="8.443"/>
  <testcase classname="tmrs.tests.SubmitOrderAllDataProvidersTests" name="submitOrder" time="7.870"/>
  <testcase classname="tmrs.tests.SubmitOrderAllDataProvidersTests" name="submitOrder2" time="8.602"/>
</testsuite> <!-- tmrs.tests.SubmitOrderAllDataProvidersTests -->
