<?xml version="1.0" encoding="UTF-8"?>
<!-- Generated by org.testng.reporters.JUnitReportReporter -->
<testsuite hostname="MSI" failures="0" tests="2" name="tmrs.tests.ErrorValidationsTest" time="12.385" errors="0" timestamp="2024-11-06T14:19:06 CST" skipped="0">
  <testcase classname="tmrs.tests.ErrorValidationsTest" name="ProductErrorValidation" time="7.455"/>
  <testcase classname="tmrs.tests.ErrorValidationsTest" name="LoginErrorValidation" time="4.930"/>
</testsuite> <!-- tmrs.tests.ErrorValidationsTest -->
