<?xml version="1.0" encoding="UTF-8"?>
<!-- Generated by org.testng.reporters.JUnitReportReporter -->
<testsuite hostname="MSI" failures="0" tests="3" name="tmrs.tests.SubmitOrderTest" time="22.015" errors="0" timestamp="2024-11-06T14:19:06 CST" skipped="0">
  <testcase classname="tmrs.tests.SubmitOrderTest" name="orderHistoryTest" time="5.612"/>
  <testcase classname="tmrs.tests.SubmitOrderTest" name="submitOrder" time="8.350"/>
  <testcase classname="tmrs.tests.SubmitOrderTest" name="submitOrder" time="8.053"/>
</testsuite> <!-- tmrs.tests.SubmitOrderTest -->
